{"body":"{\"Event\":{\"xmlns\":\"http://schemas.microsoft.com/win/2004/08/events/event\",\"System\":{\"Provider\":{\"Name\":\"Microsoft-Windows-Sysmon\",\"Guid\":\"{5770385f-c22a-43e0-bf4c-06f5698ffbd9}\"},\"EventID\":\"10\",\"Version\":\"3\",\"Level\":\"4\",\"Task\":\"10\",\"Opcode\":\"0\",\"Keywords\":\"0x8000000000000000\",\"TimeCreated\":{\"SystemTime\":\"2019-04-30T07:23:00.8992630Z\"},\"EventRecordID\":\"8336\",\"Correlation\":\"\",\"Execution\":{\"ProcessID\":\"1876\",\"ThreadID\":\"1444\"},\"Channel\":\"Microsoft-Windows-Sysmon/Operational\",\"Computer\":\"IEWIN7\",\"Security\":{\"UserID\":\"S-1-5-18\"}},\"EventData\":{\"Data\":[{\"Name\":\"RuleName\"},{\"Name\":\"UtcTime\",\"text\":\"2019-04-30 07:23:00.883\"},{\"Name\":\"SourceProcessGUID\",\"text\":\"{365abb72-f7c9-5cc7-0000-0010bf010e00}\"},{\"Name\":\"SourceProcessId\",\"text\":\"3772\"},{\"Name\":\"SourceThreadId\",\"text\":\"1088\"},{\"Name\":\"SourceImage\",\"text\":\"D:\\\\m.exe\"},{\"Name\":\"TargetProcessGUID\",\"text\":\"{365abb72-f6a1-5cc7-0000-001033480000}\"},{\"Name\":\"TargetProcessId\",\"text\":\"336\"},{\"Name\":\"TargetImage\",\"text\":\"C:\\\\Windows\\\\system32\\\\csrss.exe\"},{\"Name\":\"GrantedAccess\",\"text\":\"0x1410\"},{\"Name\":\"CallTrace\",\"text\":\"C:\\\\Windows\\\\SYSTEM32\\\\ntdll.dll+4595c|C:\\\\Windows\\\\system32\\\\KERNELBASE.dll+8185|UNKNOWN(01770343)|UNKNOWN(0176FF9D)|UNKNOWN(0176F8EC)|UNKNOWN(00397486)|UNKNOWN(003973A0)|UNKNOWN(003978A3)|C:\\\\Windows\\\\system32\\\\kernel32.dll+4ef8c|C:\\\\Windows\\\\SYSTEM32\\\\ntdll.dll+6367a|C:\\\\Windows\\\\SYSTEM32\\\\ntdll.dll+6364d\"}]}}}","recv_ipv4":"127.0.0.1","recv_time":"2025-05-22T09:02:09.095Z","task_id":"00000000-0000-0000-0000-000000000000","tag":"some_tag","mime":"application/x-pt-eventlog","normalized":false,"input_id":"00000000-0000-0000-0000-000000000000","type":"raw","siem_id":"00000000-0000-0000-0000-000000000000","site_id":"00000000-0000-0000-0000-000000000000","tenant_id":"00000000-0000-0000-0000-000000000000","primary_siem_app_id":"00000000-0000-0000-0000-000000000000","origin_app_id":"00000000-0000-0000-0000-000000000000","uuid":"dac0bfbf-3731-42a7-a9fc-758a4466bb9d"}
{"body":"{\"Event\":{\"xmlns\":\"http://schemas.microsoft.com/win/2004/08/events/event\",\"System\":{\"Provider\":{\"Name\":\"Microsoft-Windows-Sysmon\",\"Guid\":\"{5770385f-c22a-43e0-bf4c-06f5698ffbd9}\"},\"EventID\":\"10\",\"Version\":\"3\",\"Level\":\"4\",\"Task\":\"10\",\"Opcode\":\"0\",\"Keywords\":\"0x8000000000000000\",\"TimeCreated\":{\"SystemTime\":\"2019-04-30T07:23:00.9305130Z\"},\"EventRecordID\":\"8382\",\"Correlation\":\"\",\"Execution\":{\"ProcessID\":\"1876\",\"ThreadID\":\"1444\"},\"Channel\":\"Microsoft-Windows-Sysmon/Operational\",\"Computer\":\"IEWIN7\",\"Security\":{\"UserID\":\"S-1-5-18\"}},\"EventData\":{\"Data\":[{\"Name\":\"RuleName\"},{\"Name\":\"UtcTime\",\"text\":\"2019-04-30 07:23:00.899\"},{\"Name\":\"SourceProcessGUID\",\"text\":\"{365abb72-f7c9-5cc7-0000-0010bf010e00}\"},{\"Name\":\"SourceProcessId\",\"text\":\"3772\"},{\"Name\":\"SourceThreadId\",\"text\":\"1088\"},{\"Name\":\"SourceImage\",\"text\":\"D:\\\\m.exe\"},{\"Name\":\"TargetProcessGUID\",\"text\":\"{365abb72-f7d1-5cc7-0000-0010ce400e00}\"},{\"Name\":\"TargetProcessId\",\"text\":\"2144\"},{\"Name\":\"TargetImage\",\"text\":\"C:\\\\Windows\\\\system32\\\\wbem\\\\wmiprvse.exe\"},{\"Name\":\"GrantedAccess\",\"text\":\"0x1410\"},{\"Name\":\"CallTrace\",\"text\":\"C:\\\\Windows\\\\SYSTEM32\\\\ntdll.dll+4595c|C:\\\\Windows\\\\system32\\\\KERNELBASE.dll+8185|UNKNOWN(01770343)|UNKNOWN(0176FF9D)|UNKNOWN(0176F8EC)|UNKNOWN(00397486)|UNKNOWN(003973A0)|UNKNOWN(003978A3)|C:\\\\Windows\\\\system32\\\\kernel32.dll+4ef8c|C:\\\\Windows\\\\SYSTEM32\\\\ntdll.dll+6367a|C:\\\\Windows\\\\SYSTEM32\\\\ntdll.dll+6364d\"}]}}}","recv_ipv4":"127.0.0.1","recv_time":"2025-05-22T09:09:55.352Z","task_id":"00000000-0000-0000-0000-000000000000","tag":"some_tag","mime":"application/x-pt-eventlog","normalized":false,"input_id":"00000000-0000-0000-0000-000000000000","type":"raw","siem_id":"00000000-0000-0000-0000-000000000000","site_id":"00000000-0000-0000-0000-000000000000","tenant_id":"00000000-0000-0000-0000-000000000000","primary_siem_app_id":"00000000-0000-0000-0000-000000000000","origin_app_id":"00000000-0000-0000-0000-000000000000","uuid":"965a9c75-cd7d-49d0-bc1a-38424dad5253"}
{"body":"{\"Event\":{\"xmlns\":\"http://schemas.microsoft.com/win/2004/08/events/event\",\"System\":{\"Provider\":{\"Name\":\"Microsoft-Windows-Sysmon\",\"Guid\":\"{5770385f-c22a-43e0-bf4c-06f5698ffbd9}\"},\"EventID\":\"10\",\"Version\":\"3\",\"Level\":\"4\",\"Task\":\"10\",\"Opcode\":\"0\",\"Keywords\":\"0x8000000000000000\",\"TimeCreated\":{\"SystemTime\":\"2019-04-30T07:23:00.9305130Z\"},\"EventRecordID\":\"8381\",\"Correlation\":\"\",\"Execution\":{\"ProcessID\":\"1876\",\"ThreadID\":\"1444\"},\"Channel\":\"Microsoft-Windows-Sysmon/Operational\",\"Computer\":\"IEWIN7\",\"Security\":{\"UserID\":\"S-1-5-18\"}},\"EventData\":{\"Data\":[{\"Name\":\"RuleName\"},{\"Name\":\"UtcTime\",\"text\":\"2019-04-30 07:23:00.899\"},{\"Name\":\"SourceProcessGUID\",\"text\":\"{365abb72-f7c9-5cc7-0000-0010bf010e00}\"},{\"Name\":\"SourceProcessId\",\"text\":\"3772\"},{\"Name\":\"SourceThreadId\",\"text\":\"1088\"},{\"Name\":\"SourceImage\",\"text\":\"D:\\\\m.exe\"},{\"Name\":\"TargetProcessGUID\",\"text\":\"{365abb72-f7d1-5cc7-0000-0010af380e00}\"},{\"Name\":\"TargetProcessId\",\"text\":\"3504\"},{\"Name\":\"TargetImage\",\"text\":\"C:\\\\Users\\\\IEUser\\\\AppData\\\\Local\\\\Programs\\\\Opera\\\\60.0.3255.70\\\\opera_autoupdate.exe\"},{\"Name\":\"GrantedAccess\",\"text\":\"0x1410\"},{\"Name\":\"CallTrace\",\"text\":\"C:\\\\Windows\\\\SYSTEM32\\\\ntdll.dll+4595c|C:\\\\Windows\\\\system32\\\\KERNELBASE.dll+8185|UNKNOWN(01770343)|UNKNOWN(0176FF9D)|UNKNOWN(0176F8EC)|UNKNOWN(00397486)|UNKNOWN(003973A0)|UNKNOWN(003978A3)|C:\\\\Windows\\\\system32\\\\kernel32.dll+4ef8c|C:\\\\Windows\\\\SYSTEM32\\\\ntdll.dll+6367a|C:\\\\Windows\\\\SYSTEM32\\\\ntdll.dll+6364d\"}]}}}","recv_ipv4":"127.0.0.1","recv_time":"2025-05-22T09:10:21.213Z","task_id":"00000000-0000-0000-0000-000000000000","tag":"some_tag","mime":"application/x-pt-eventlog","normalized":false,"input_id":"00000000-0000-0000-0000-000000000000","type":"raw","siem_id":"00000000-0000-0000-0000-000000000000","site_id":"00000000-0000-0000-0000-000000000000","tenant_id":"00000000-0000-0000-0000-000000000000","primary_siem_app_id":"00000000-0000-0000-0000-000000000000","origin_app_id":"00000000-0000-0000-0000-000000000000","uuid":"a462a6fb-6854-4c09-9c54-43ac3470a30a"}
{"body":"{\"Event\":{\"xmlns\":\"http://schemas.microsoft.com/win/2004/08/events/event\",\"System\":{\"Provider\":{\"Name\":\"Microsoft-Windows-Sysmon\",\"Guid\":\"{5770385f-c22a-43e0-bf4c-06f5698ffbd9}\"},\"EventID\":\"10\",\"Version\":\"3\",\"Level\":\"4\",\"Task\":\"10\",\"Opcode\":\"0\",\"Keywords\":\"0x8000000000000000\",\"TimeCreated\":{\"SystemTime\":\"2019-04-30T07:23:00.9305130Z\"},\"EventRecordID\":\"8380\",\"Correlation\":\"\",\"Execution\":{\"ProcessID\":\"1876\",\"ThreadID\":\"1444\"},\"Channel\":\"Microsoft-Windows-Sysmon/Operational\",\"Computer\":\"IEWIN7\",\"Security\":{\"UserID\":\"S-1-5-18\"}},\"EventData\":{\"Data\":[{\"Name\":\"RuleName\"},{\"Name\":\"UtcTime\",\"text\":\"2019-04-30 07:23:00.899\"},{\"Name\":\"SourceProcessGUID\",\"text\":\"{365abb72-f7c9-5cc7-0000-0010bf010e00}\"},{\"Name\":\"SourceProcessId\",\"text\":\"3772\"},{\"Name\":\"SourceThreadId\",\"text\":\"1088\"},{\"Name\":\"SourceImage\",\"text\":\"D:\\\\m.exe\"},{\"Name\":\"TargetProcessGUID\",\"text\":\"{365abb72-f7d0-5cc7-0000-0010df2f0e00}\"},{\"Name\":\"TargetProcessId\",\"text\":\"3624\"},{\"Name\":\"TargetImage\",\"text\":\"C:\\\\Users\\\\IEUser\\\\AppData\\\\Local\\\\Programs\\\\Opera\\\\60.0.3255.70\\\\opera_autoupdate.exe\"},{\"Name\":\"GrantedAccess\",\"text\":\"0x1410\"},{\"Name\":\"CallTrace\",\"text\":\"C:\\\\Windows\\\\SYSTEM32\\\\ntdll.dll+4595c|C:\\\\Windows\\\\system32\\\\KERNELBASE.dll+8185|UNKNOWN(01770343)|UNKNOWN(0176FF9D)|UNKNOWN(0176F8EC)|UNKNOWN(00397486)|UNKNOWN(003973A0)|UNKNOWN(003978A3)|C:\\\\Windows\\\\system32\\\\kernel32.dll+4ef8c|C:\\\\Windows\\\\SYSTEM32\\\\ntdll.dll+6367a|C:\\\\Windows\\\\SYSTEM32\\\\ntdll.dll+6364d\"}]}}}","recv_ipv4":"127.0.0.1","recv_time":"2025-05-22T09:10:34.893Z","task_id":"00000000-0000-0000-0000-000000000000","tag":"some_tag","mime":"application/x-pt-eventlog","normalized":false,"input_id":"00000000-0000-0000-0000-000000000000","type":"raw","siem_id":"00000000-0000-0000-0000-000000000000","site_id":"00000000-0000-0000-0000-000000000000","tenant_id":"00000000-0000-0000-0000-000000000000","primary_siem_app_id":"00000000-0000-0000-0000-000000000000","origin_app_id":"00000000-0000-0000-0000-000000000000","uuid":"ea947837-57ed-4fe3-bedc-8017bec57f1f"}
{"body":"{\"Event\":{\"xmlns\":\"http://schemas.microsoft.com/win/2004/08/events/event\",\"System\":{\"Provider\":{\"Name\":\"Microsoft-Windows-Sysmon\",\"Guid\":\"{5770385f-c22a-43e0-bf4c-06f5698ffbd9}\"},\"EventID\":\"10\",\"Version\":\"3\",\"Level\":\"4\",\"Task\":\"10\",\"Opcode\":\"0\",\"Keywords\":\"0x8000000000000000\",\"TimeCreated\":{\"SystemTime\":\"2019-04-30T07:23:00.9305130Z\"},\"EventRecordID\":\"8379\",\"Correlation\":\"\",\"Execution\":{\"ProcessID\":\"1876\",\"ThreadID\":\"1444\"},\"Channel\":\"Microsoft-Windows-Sysmon/Operational\",\"Computer\":\"IEWIN7\",\"Security\":{\"UserID\":\"S-1-5-18\"}},\"EventData\":{\"Data\":[{\"Name\":\"RuleName\"},{\"Name\":\"UtcTime\",\"text\":\"2019-04-30 07:23:00.899\"},{\"Name\":\"SourceProcessGUID\",\"text\":\"{365abb72-f7c9-5cc7-0000-0010bf010e00}\"},{\"Name\":\"SourceProcessId\",\"text\":\"3772\"},{\"Name\":\"SourceThreadId\",\"text\":\"1088\"},{\"Name\":\"SourceImage\",\"text\":\"D:\\\\m.exe\"},{\"Name\":\"TargetProcessGUID\",\"text\":\"{365abb72-f7d0-5cc7-0000-0010d0220e00}\"},{\"Name\":\"TargetProcessId\",\"text\":\"3712\"},{\"Name\":\"TargetImage\",\"text\":\"C:\\\\Users\\\\IEUser\\\\AppData\\\\Local\\\\Programs\\\\Opera\\\\launcher.exe\"},{\"Name\":\"GrantedAccess\",\"text\":\"0x1410\"},{\"Name\":\"CallTrace\",\"text\":\"C:\\\\Windows\\\\SYSTEM32\\\\ntdll.dll+4595c|C:\\\\Windows\\\\system32\\\\KERNELBASE.dll+8185|UNKNOWN(01770343)|UNKNOWN(0176FF9D)|UNKNOWN(0176F8EC)|UNKNOWN(00397486)|UNKNOWN(003973A0)|UNKNOWN(003978A3)|C:\\\\Windows\\\\system32\\\\kernel32.dll+4ef8c|C:\\\\Windows\\\\SYSTEM32\\\\ntdll.dll+6367a|C:\\\\Windows\\\\SYSTEM32\\\\ntdll.dll+6364d\"}]}}}","recv_ipv4":"127.0.0.1","recv_time":"2025-05-22T09:10:44.333Z","task_id":"00000000-0000-0000-0000-000000000000","tag":"some_tag","mime":"application/x-pt-eventlog","normalized":false,"input_id":"00000000-0000-0000-0000-000000000000","type":"raw","siem_id":"00000000-0000-0000-0000-000000000000","site_id":"00000000-0000-0000-0000-000000000000","tenant_id":"00000000-0000-0000-0000-000000000000","primary_siem_app_id":"00000000-0000-0000-0000-000000000000","origin_app_id":"00000000-0000-0000-0000-000000000000","uuid":"6d6baf07-f124-49d5-83d2-8a50e63bcf61"}