{"body":"{\"Event\":{\"xmlns\":\"http://schemas.microsoft.com/win/2004/08/events/event\",\"System\":{\"Provider\":{\"Name\":\"Microsoft-Windows-Security-Auditing\",\"Guid\":\"{54849625-5478-4994-a5ba-3e3b0328c30d}\"},\"EventID\":\"5145\",\"Version\":\"0\",\"Level\":\"0\",\"Task\":\"12811\",\"Opcode\":\"0\",\"Keywords\":\"0x8020000000000000\",\"TimeCreated\":{\"SystemTime\":\"2023-06-13T08:03:45.1093750Z\"},\"EventRecordID\":\"11412798\",\"Correlation\":\"\",\"Execution\":{\"ProcessID\":\"512\",\"ThreadID\":\"520\"},\"Channel\":\"Security\",\"Computer\":\"dc01.stand2008.local\",\"Security\":\"\"},\"EventData\":{\"Data\":[{\"Name\":\"SubjectUserSid\",\"text\":\"S-1-5-21-3800063338-4262557262-2801230003-1603\"},{\"Name\":\"SubjectUserName\",\"text\":\"adm_back\"},{\"Name\":\"SubjectDomainName\",\"text\":\"STAND2008\"},{\"Name\":\"SubjectLogonId\",\"text\":\"0x97f06\"},{\"Name\":\"ObjectType\",\"text\":\"File\"},{\"Name\":\"IpAddress\",\"text\":\"192.168.224.50\"},{\"Name\":\"IpPort\",\"text\":\"54783\"},{\"Name\":\"ShareName\",\"text\":\"\\\\\\\\*\\\\IPC$\"},{\"Name\":\"ShareLocalPath\"},{\"Name\":\"RelativeTargetName\",\"text\":\"winreg\"},{\"Name\":\"AccessMask\",\"text\":\"0x12019f\"},{\"Name\":\"AccessList\",\"text\":\"%%1538 %%1541 %%4416 %%4417 %%4418 %%4419 %%4420 %%4423 %%4424\"},{\"Name\":\"AccessReason\",\"text\":\"-\"}]}}}","recv_ipv4":"127.0.0.1","recv_time":"2023-06-13T08:41:54.820Z","task_id":"00000000-0000-0000-0000-000000000000","tag":"some_tag","mime":"application/x-pt-eventlog","normalized":false,"input_id":"00000000-0000-0000-0000-000000000000","type":"raw","uuid":"ea3ca7e4-5f8a-4b2a-96bb-7298b4065e63"}
{"body":"{\"Event\":{\"xmlns\":\"http://schemas.microsoft.com/win/2004/08/events/event\",\"System\":{\"Provider\":{\"Name\":\"Microsoft-Windows-Security-Auditing\",\"Guid\":\"{54849625-5478-4994-a5ba-3e3b0328c30d}\"},\"EventID\":\"4672\",\"Version\":\"0\",\"Level\":\"0\",\"Task\":\"12548\",\"Opcode\":\"0\",\"Keywords\":\"0x8020000000000000\",\"TimeCreated\":{\"SystemTime\":\"2023-06-13T08:03:45.0937500Z\"},\"EventRecordID\":\"11412795\",\"Correlation\":\"\",\"Execution\":{\"ProcessID\":\"512\",\"ThreadID\":\"1208\"},\"Channel\":\"Security\",\"Computer\":\"dc01.stand2008.local\",\"Security\":\"\"},\"EventData\":{\"Data\":[{\"Name\":\"SubjectUserSid\",\"text\":\"S-1-5-21-3800063338-4262557262-2801230003-1603\"},{\"Name\":\"SubjectUserName\",\"text\":\"adm_back\"},{\"Name\":\"SubjectDomainName\",\"text\":\"STAND2008\"},{\"Name\":\"SubjectLogonId\",\"text\":\"0x97f06\"},{\"Name\":\"PrivilegeList\",\"text\":\"SeBackupPrivilege SeRestorePrivilege\"}]}}}","recv_ipv4":"127.0.0.1","recv_time":"2023-06-13T08:41:54.823Z","task_id":"00000000-0000-0000-0000-000000000000","tag":"some_tag","mime":"application/x-pt-eventlog","normalized":false,"input_id":"00000000-0000-0000-0000-000000000000","type":"raw","uuid":"0915db36-a28f-4471-93cc-9c41a6f778de"}
{"body":"{\"Event\":{\"xmlns\":\"http://schemas.microsoft.com/win/2004/08/events/event\",\"System\":{\"Provider\":{\"Name\":\"Microsoft-Windows-Security-Auditing\",\"Guid\":\"{54849625-5478-4994-a5ba-3e3b0328c30d}\"},\"EventID\":\"4624\",\"Version\":\"0\",\"Level\":\"0\",\"Task\":\"12544\",\"Opcode\":\"0\",\"Keywords\":\"0x8020000000000000\",\"TimeCreated\":{\"SystemTime\":\"2023-06-13T08:03:45.0937500Z\"},\"EventRecordID\":\"11412796\",\"Correlation\":\"\",\"Execution\":{\"ProcessID\":\"512\",\"ThreadID\":\"1208\"},\"Channel\":\"Security\",\"Computer\":\"dc01.stand2008.local\",\"Security\":\"\"},\"EventData\":{\"Data\":[{\"Name\":\"SubjectUserSid\",\"text\":\"S-1-0-0\"},{\"Name\":\"SubjectUserName\",\"text\":\"-\"},{\"Name\":\"SubjectDomainName\",\"text\":\"-\"},{\"Name\":\"SubjectLogonId\",\"text\":\"0x0\"},{\"Name\":\"TargetUserSid\",\"text\":\"S-1-5-21-3800063338-4262557262-2801230003-1603\"},{\"Name\":\"TargetUserName\",\"text\":\"adm_back\"},{\"Name\":\"TargetDomainName\",\"text\":\"STAND2008\"},{\"Name\":\"TargetLogonId\",\"text\":\"0x97f06\"},{\"Name\":\"LogonType\",\"text\":\"3\"},{\"Name\":\"LogonProcessName\",\"text\":\"Kerberos\"},{\"Name\":\"AuthenticationPackageName\",\"text\":\"Kerberos\"},{\"Name\":\"WorkstationName\"},{\"Name\":\"LogonGuid\",\"text\":\"{2a0e1034-b8ef-65ad-afa3-48bb81157893}\"},{\"Name\":\"TransmittedServices\",\"text\":\"-\"},{\"Name\":\"LmPackageName\",\"text\":\"-\"},{\"Name\":\"KeyLength\",\"text\":\"0\"},{\"Name\":\"ProcessId\",\"text\":\"0x0\"},{\"Name\":\"ProcessName\",\"text\":\"-\"},{\"Name\":\"IpAddress\",\"text\":\"192.168.224.50\"},{\"Name\":\"IpPort\",\"text\":\"54783\"}]}}}","recv_ipv4":"127.0.0.1","recv_time":"2023-06-13T08:41:54.823Z","task_id":"00000000-0000-0000-0000-000000000000","tag":"some_tag","mime":"application/x-pt-eventlog","normalized":false,"input_id":"00000000-0000-0000-0000-000000000000","type":"raw","uuid":"b57dbb0c-2a91-4e3b-872e-2ed8587756ad"}