{"body":"{\"Event\":{\"xmlns\":\"http://schemas.microsoft.com/win/2004/08/events/event\",\"System\":{\"Provider\":{\"Name\":\"Microsoft-Windows-Sysmon\",\"Guid\":\"{5770385f-c22a-43e0-bf4c-06f5698ffbd9}\"},\"EventID\":\"255\",\"Version\":\"3\",\"Level\":\"2\",\"Task\":\"255\",\"Opcode\":\"0\",\"Keywords\":\"0x8000000000000000\",\"TimeCreated\":{\"SystemTime\":\"2024-04-21T18:52:29.2861193Z\"},\"EventRecordID\":\"79728094\",\"Correlation\":\"\",\"Execution\":{\"ProcessID\":\"7800\",\"ThreadID\":\"3524\"},\"Channel\":\"Microsoft-Windows-Sysmon/Operational\",\"Computer\":\"win10-work.stand2008.local\",\"Security\":{\"UserID\":\"S-1-5-18\"}},\"EventData\":{\"Data\":[{\"Name\":\"UtcTime\",\"text\":\"2024-04-21 18:52:29.285\"},{\"Name\":\"ID\",\"text\":\"DriverCommunication\"},{\"Name\":\"Description\",\"text\":\"Failed to retrieve events - Last error: Параметр задан неверно.\"}]}}}","recv_ipv4":"127.0.0.1","recv_time":"2024-05-29T18:55:11.108Z","task_id":"00000000-0000-0000-0000-000000000000","tag":"some_tag","mime":"application/x-pt-eventlog","normalized":false,"input_id":"00000000-0000-0000-0000-000000000000","type":"raw","uuid":"10c30186-23a9-41d7-bb43-84abe6998b49"}
{"body":"{\"Event\":{\"xmlns\":\"http://schemas.microsoft.com/win/2004/08/events/event\",\"System\":{\"Provider\":{\"Name\":\"Microsoft-Windows-Sysmon\",\"Guid\":\"{5770385f-c22a-43e0-bf4c-06f5698ffbd9}\"},\"EventID\":\"255\",\"Version\":\"3\",\"Level\":\"2\",\"Task\":\"255\",\"Opcode\":\"0\",\"Keywords\":\"0x8000000000000000\",\"TimeCreated\":{\"SystemTime\":\"2024-04-21T18:52:29.2861529Z\"},\"EventRecordID\":\"79728095\",\"Correlation\":\"\",\"Execution\":{\"ProcessID\":\"7800\",\"ThreadID\":\"3524\"},\"Channel\":\"Microsoft-Windows-Sysmon/Operational\",\"Computer\":\"win10-work.stand2008.local\",\"Security\":{\"UserID\":\"S-1-5-18\"}},\"EventData\":{\"Data\":[{\"Name\":\"UtcTime\",\"text\":\"2024-04-21 18:52:29.285\"},{\"Name\":\"ID\",\"text\":\"DriverCommunication\"},{\"Name\":\"Description\",\"text\":\"Failed to retrieve events - Last error: Параметр задан неверно.\"}]}}}","recv_ipv4":"127.0.0.1","recv_time":"2024-05-29T18:55:11.110Z","task_id":"00000000-0000-0000-0000-000000000000","tag":"some_tag","mime":"application/x-pt-eventlog","normalized":false,"input_id":"00000000-0000-0000-0000-000000000000","type":"raw","uuid":"1641faa9-e815-4a56-ab82-c41094b78622"}
{"body":"{\"Event\":{\"xmlns\":\"http://schemas.microsoft.com/win/2004/08/events/event\",\"System\":{\"Provider\":{\"Name\":\"Microsoft-Windows-Sysmon\",\"Guid\":\"{5770385f-c22a-43e0-bf4c-06f5698ffbd9}\"},\"EventID\":\"255\",\"Version\":\"3\",\"Level\":\"2\",\"Task\":\"255\",\"Opcode\":\"0\",\"Keywords\":\"0x8000000000000000\",\"TimeCreated\":{\"SystemTime\":\"2024-04-21T18:52:29.2861867Z\"},\"EventRecordID\":\"79728096\",\"Correlation\":\"\",\"Execution\":{\"ProcessID\":\"7800\",\"ThreadID\":\"3524\"},\"Channel\":\"Microsoft-Windows-Sysmon/Operational\",\"Computer\":\"win10-work.stand2008.local\",\"Security\":{\"UserID\":\"S-1-5-18\"}},\"EventData\":{\"Data\":[{\"Name\":\"UtcTime\",\"text\":\"2024-04-21 18:52:29.285\"},{\"Name\":\"ID\",\"text\":\"DriverCommunication\"},{\"Name\":\"Description\",\"text\":\"Failed to retrieve events - Last error: Параметр задан неверно.\"}]}}}","recv_ipv4":"127.0.0.1","recv_time":"2024-05-29T18:55:11.110Z","task_id":"00000000-0000-0000-0000-000000000000","tag":"some_tag","mime":"application/x-pt-eventlog","normalized":false,"input_id":"00000000-0000-0000-0000-000000000000","type":"raw","uuid":"ae22cdac-0510-42cb-b0b8-179b634fe779"}