{"body":"{\"Event\":{\"xmlns\":\"http://schemas.microsoft.com/win/2004/08/events/event\",\"System\":{\"Provider\":{\"Name\":\"Microsoft-Windows-Security-Auditing\",\"Guid\":\"{54849625-5478-4994-a5ba-3e3b0328c30d}\"},\"EventID\":\"4624\",\"Version\":\"0\",\"Level\":\"0\",\"Task\":\"12544\",\"Opcode\":\"0\",\"Keywords\":\"0x8020000000000000\",\"TimeCreated\":{\"SystemTime\":\"2023-07-31T16:57:20.8327763Z\"},\"EventRecordID\":\"1703654\",\"Correlation\":\"\",\"Execution\":{\"ProcessID\":\"496\",\"ThreadID\":\"268\"},\"Channel\":\"Security\",\"Computer\":\"win7-hack.stand2008.local\",\"Security\":\"\"},\"EventData\":{\"Data\":[{\"Name\":\"SubjectUserSid\",\"text\":\"S-1-0-0\"},{\"Name\":\"SubjectUserName\",\"text\":\"-\"},{\"Name\":\"SubjectDomainName\",\"text\":\"-\"},{\"Name\":\"SubjectLogonId\",\"text\":\"0x0\"},{\"Name\":\"TargetUserSid\",\"text\":\"S-1-5-21-3800063338-4262557262-2801230003-500\"},{\"Name\":\"TargetUserName\",\"text\":\"Администратор\"},{\"Name\":\"TargetDomainName\",\"text\":\"STAND2008\"},{\"Name\":\"TargetLogonId\",\"text\":\"0x1db745\"},{\"Name\":\"LogonType\",\"text\":\"3\"},{\"Name\":\"LogonProcessName\",\"text\":\"Kerberos\"},{\"Name\":\"AuthenticationPackageName\",\"text\":\"Kerberos\"},{\"Name\":\"WorkstationName\"},{\"Name\":\"LogonGuid\",\"text\":\"{689476ec-82bd-8bf1-4778-3ff845211eb8}\"},{\"Name\":\"TransmittedServices\",\"text\":\"-\"},{\"Name\":\"LmPackageName\",\"text\":\"-\"},{\"Name\":\"KeyLength\",\"text\":\"0\"},{\"Name\":\"ProcessId\",\"text\":\"0x0\"},{\"Name\":\"ProcessName\",\"text\":\"-\"},{\"Name\":\"IpAddress\",\"text\":\"192.168.224.50\"},{\"Name\":\"IpPort\",\"text\":\"53870\"}]}}}","recv_ipv4":"127.0.0.1","recv_time":"2023-08-01T11:53:33.021Z","task_id":"00000000-0000-0000-0000-000000000000","tag":"some_tag","mime":"application/x-pt-eventlog","normalized":false,"input_id":"00000000-0000-0000-0000-000000000000","type":"raw","uuid":"2053f9a5-643f-4250-b27b-1c8b6824f788"}
{"body":"{\"Event\":{\"xmlns\":\"http://schemas.microsoft.com/win/2004/08/events/event\",\"System\":{\"Provider\":{\"Name\":\"Microsoft-Windows-Security-Auditing\",\"Guid\":\"{54849625-5478-4994-a5ba-3e3b0328c30d}\"},\"EventID\":\"4674\",\"Version\":\"0\",\"Level\":\"0\",\"Task\":\"13056\",\"Opcode\":\"0\",\"Keywords\":\"0x8020000000000000\",\"TimeCreated\":{\"SystemTime\":\"2023-07-31T16:57:20.8484026Z\"},\"EventRecordID\":\"1703655\",\"Correlation\":\"\",\"Execution\":{\"ProcessID\":\"496\",\"ThreadID\":\"512\"},\"Channel\":\"Security\",\"Computer\":\"win7-hack.stand2008.local\",\"Security\":\"\"},\"EventData\":{\"Data\":[{\"Name\":\"SubjectUserSid\",\"text\":\"S-1-5-21-3800063338-4262557262-2801230003-500\"},{\"Name\":\"SubjectUserName\",\"text\":\"Администратор\"},{\"Name\":\"SubjectDomainName\",\"text\":\"STAND2008\"},{\"Name\":\"SubjectLogonId\",\"text\":\"0x1db745\"},{\"Name\":\"ObjectServer\",\"text\":\"SC Manager\"},{\"Name\":\"ObjectType\",\"text\":\"SC_MANAGER OBJECT\"},{\"Name\":\"ObjectName\",\"text\":\"ServicesActive\"},{\"Name\":\"HandleId\",\"text\":\"0xfffff88004cd5b18\"},{\"Name\":\"AccessMask\",\"text\":\"%%1537 %%1538 %%1539 %%7168 %%7169 %%7170 %%7171 %%7172 %%7173\"},{\"Name\":\"PrivilegeList\",\"text\":\"SeTakeOwnershipPrivilege\"},{\"Name\":\"ProcessId\",\"text\":\"0x1e0\"},{\"Name\":\"ProcessName\",\"text\":\"C:\\\\Windows\\\\System32\\\\services.exe\"}]}}}","recv_ipv4":"127.0.0.1","recv_time":"2023-08-01T11:53:33.022Z","task_id":"00000000-0000-0000-0000-000000000000","tag":"some_tag","mime":"application/x-pt-eventlog","normalized":false,"input_id":"00000000-0000-0000-0000-000000000000","type":"raw","uuid":"393ba9e6-bcf5-4677-83a7-a5f7cce92651"}
{"body":"{\"Event\":{\"xmlns\":\"http://schemas.microsoft.com/win/2004/08/events/event\",\"System\":{\"Provider\":{\"Name\":\"Microsoft-Windows-Security-Auditing\",\"Guid\":\"{54849625-5478-4994-a5ba-3e3b0328c30d}\"},\"EventID\":\"4674\",\"Version\":\"0\",\"Level\":\"0\",\"Task\":\"13056\",\"Opcode\":\"0\",\"Keywords\":\"0x8020000000000000\",\"TimeCreated\":{\"SystemTime\":\"2023-07-31T16:57:21.6765965Z\"},\"EventRecordID\":\"1703656\",\"Correlation\":\"\",\"Execution\":{\"ProcessID\":\"496\",\"ThreadID\":\"512\"},\"Channel\":\"Security\",\"Computer\":\"win7-hack.stand2008.local\",\"Security\":\"\"},\"EventData\":{\"Data\":[{\"Name\":\"SubjectUserSid\",\"text\":\"S-1-5-21-3800063338-4262557262-2801230003-500\"},{\"Name\":\"SubjectUserName\",\"text\":\"Администратор\"},{\"Name\":\"SubjectDomainName\",\"text\":\"STAND2008\"},{\"Name\":\"SubjectLogonId\",\"text\":\"0x1db745\"},{\"Name\":\"ObjectServer\",\"text\":\"SC Manager\"},{\"Name\":\"ObjectType\",\"text\":\"SERVICE OBJECT\"},{\"Name\":\"ObjectName\",\"text\":\"NetTcpPortSharing\"},{\"Name\":\"HandleId\",\"text\":\"0xfffff88004cd5b18\"},{\"Name\":\"AccessMask\",\"text\":\"%%1537 %%1538 %%1539 %%7184 %%7185 %%7186 %%7187 %%7188 %%7189 %%7190 %%7191 %%7192\"},{\"Name\":\"PrivilegeList\",\"text\":\"SeTakeOwnershipPrivilege\"},{\"Name\":\"ProcessId\",\"text\":\"0x1e0\"},{\"Name\":\"ProcessName\",\"text\":\"C:\\\\Windows\\\\System32\\\\services.exe\"}]}}}","recv_ipv4":"127.0.0.1","recv_time":"2023-08-01T11:53:33.022Z","task_id":"00000000-0000-0000-0000-000000000000","tag":"some_tag","mime":"application/x-pt-eventlog","normalized":false,"input_id":"00000000-0000-0000-0000-000000000000","type":"raw","uuid":"473a6ac3-3f88-47ca-9039-76611588edd6"}
{"body":"{\"Event\":{\"xmlns\":\"http://schemas.microsoft.com/win/2004/08/events/event\",\"System\":{\"Provider\":{\"Name\":\"Microsoft-Windows-Security-Auditing\",\"Guid\":\"{54849625-5478-4994-a5ba-3e3b0328c30d}\"},\"EventID\":\"4674\",\"Version\":\"0\",\"Level\":\"0\",\"Task\":\"13056\",\"Opcode\":\"0\",\"Keywords\":\"0x8020000000000000\",\"TimeCreated\":{\"SystemTime\":\"2023-07-31T16:57:21.8016069Z\"},\"EventRecordID\":\"1703657\",\"Correlation\":\"\",\"Execution\":{\"ProcessID\":\"496\",\"ThreadID\":\"512\"},\"Channel\":\"Security\",\"Computer\":\"win7-hack.stand2008.local\",\"Security\":\"\"},\"EventData\":{\"Data\":[{\"Name\":\"SubjectUserSid\",\"text\":\"S-1-5-21-3800063338-4262557262-2801230003-500\"},{\"Name\":\"SubjectUserName\",\"text\":\"Администратор\"},{\"Name\":\"SubjectDomainName\",\"text\":\"STAND2008\"},{\"Name\":\"SubjectLogonId\",\"text\":\"0x1db745\"},{\"Name\":\"ObjectServer\",\"text\":\"SC Manager\"},{\"Name\":\"ObjectType\",\"text\":\"SERVICE OBJECT\"},{\"Name\":\"ObjectName\",\"text\":\"NetTcpPortSharing\"},{\"Name\":\"HandleId\",\"text\":\"0xfffff88004cd5b18\"},{\"Name\":\"AccessMask\",\"text\":\"%%1537 %%1538 %%1539 %%7184 %%7185 %%7186 %%7187 %%7188 %%7189 %%7190 %%7191 %%7192\"},{\"Name\":\"PrivilegeList\",\"text\":\"SeTakeOwnershipPrivilege\"},{\"Name\":\"ProcessId\",\"text\":\"0x1e0\"},{\"Name\":\"ProcessName\",\"text\":\"C:\\\\Windows\\\\System32\\\\services.exe\"}]}}}","recv_ipv4":"127.0.0.1","recv_time":"2023-08-01T11:53:33.022Z","task_id":"00000000-0000-0000-0000-000000000000","tag":"some_tag","mime":"application/x-pt-eventlog","normalized":false,"input_id":"00000000-0000-0000-0000-000000000000","type":"raw","uuid":"20dfc7d3-1757-4ecd-9812-76b7de90cdb1"}
{"body":"{\"Event\":{\"xmlns\":\"http://schemas.microsoft.com/win/2004/08/events/event\",\"System\":{\"Provider\":{\"Name\":\"Microsoft-Windows-Security-Auditing\",\"Guid\":\"{54849625-5478-4994-a5ba-3e3b0328c30d}\"},\"EventID\":\"4674\",\"Version\":\"0\",\"Level\":\"0\",\"Task\":\"13056\",\"Opcode\":\"0\",\"Keywords\":\"0x8020000000000000\",\"TimeCreated\":{\"SystemTime\":\"2023-07-31T16:57:21.9734962Z\"},\"EventRecordID\":\"1703658\",\"Correlation\":\"\",\"Execution\":{\"ProcessID\":\"496\",\"ThreadID\":\"512\"},\"Channel\":\"Security\",\"Computer\":\"win7-hack.stand2008.local\",\"Security\":\"\"},\"EventData\":{\"Data\":[{\"Name\":\"SubjectUserSid\",\"text\":\"S-1-5-21-3800063338-4262557262-2801230003-500\"},{\"Name\":\"SubjectUserName\",\"text\":\"Администратор\"},{\"Name\":\"SubjectDomainName\",\"text\":\"STAND2008\"},{\"Name\":\"SubjectLogonId\",\"text\":\"0x1db745\"},{\"Name\":\"ObjectServer\",\"text\":\"SC Manager\"},{\"Name\":\"ObjectType\",\"text\":\"SERVICE OBJECT\"},{\"Name\":\"ObjectName\",\"text\":\"SstpSvc\"},{\"Name\":\"HandleId\",\"text\":\"0xfffff88004cd5b18\"},{\"Name\":\"AccessMask\",\"text\":\"%%1537 %%1538 %%1539 %%7184 %%7185 %%7186 %%7187 %%7188 %%7189 %%7190 %%7191 %%7192\"},{\"Name\":\"PrivilegeList\",\"text\":\"SeTakeOwnershipPrivilege\"},{\"Name\":\"ProcessId\",\"text\":\"0x1e0\"},{\"Name\":\"ProcessName\",\"text\":\"C:\\\\Windows\\\\System32\\\\services.exe\"}]}}}","recv_ipv4":"127.0.0.1","recv_time":"2023-08-01T11:53:33.022Z","task_id":"00000000-0000-0000-0000-000000000000","tag":"some_tag","mime":"application/x-pt-eventlog","normalized":false,"input_id":"00000000-0000-0000-0000-000000000000","type":"raw","uuid":"63c5824f-202f-4d52-991e-5a0eebff5ca4"}
{"body":"{\"Event\":{\"xmlns\":\"http://schemas.microsoft.com/win/2004/08/events/event\",\"System\":{\"Provider\":{\"Name\":\"Microsoft-Windows-Security-Auditing\",\"Guid\":\"{54849625-5478-4994-a5ba-3e3b0328c30d}\"},\"EventID\":\"4674\",\"Version\":\"0\",\"Level\":\"0\",\"Task\":\"13056\",\"Opcode\":\"0\",\"Keywords\":\"0x8020000000000000\",\"TimeCreated\":{\"SystemTime\":\"2023-07-31T16:57:22.0203751Z\"},\"EventRecordID\":\"1703659\",\"Correlation\":\"\",\"Execution\":{\"ProcessID\":\"496\",\"ThreadID\":\"512\"},\"Channel\":\"Security\",\"Computer\":\"win7-hack.stand2008.local\",\"Security\":\"\"},\"EventData\":{\"Data\":[{\"Name\":\"SubjectUserSid\",\"text\":\"S-1-5-21-3800063338-4262557262-2801230003-500\"},{\"Name\":\"SubjectUserName\",\"text\":\"Администратор\"},{\"Name\":\"SubjectDomainName\",\"text\":\"STAND2008\"},{\"Name\":\"SubjectLogonId\",\"text\":\"0x1db745\"},{\"Name\":\"ObjectServer\",\"text\":\"SC Manager\"},{\"Name\":\"ObjectType\",\"text\":\"SERVICE OBJECT\"},{\"Name\":\"ObjectName\",\"text\":\"SNMPTRAP\"},{\"Name\":\"HandleId\",\"text\":\"0xfffff88004cd5b18\"},{\"Name\":\"AccessMask\",\"text\":\"%%1537 %%1538 %%1539 %%7184 %%7185 %%7186 %%7187 %%7188 %%7189 %%7190 %%7191 %%7192\"},{\"Name\":\"PrivilegeList\",\"text\":\"SeTakeOwnershipPrivilege\"},{\"Name\":\"ProcessId\",\"text\":\"0x1e0\"},{\"Name\":\"ProcessName\",\"text\":\"C:\\\\Windows\\\\System32\\\\services.exe\"}]}}}","recv_ipv4":"127.0.0.1","recv_time":"2023-08-01T11:53:33.023Z","task_id":"00000000-0000-0000-0000-000000000000","tag":"some_tag","mime":"application/x-pt-eventlog","normalized":false,"input_id":"00000000-0000-0000-0000-000000000000","type":"raw","uuid":"2590ed4c-5587-4141-ab22-f5b2eff97417"}
{"body":"{\"Event\":{\"xmlns\":\"http://schemas.microsoft.com/win/2004/08/events/event\",\"System\":{\"Provider\":{\"Name\":\"Microsoft-Windows-Security-Auditing\",\"Guid\":\"{54849625-5478-4994-a5ba-3e3b0328c30d}\"},\"EventID\":\"4674\",\"Version\":\"0\",\"Level\":\"0\",\"Task\":\"13056\",\"Opcode\":\"0\",\"Keywords\":\"0x8020000000000000\",\"TimeCreated\":{\"SystemTime\":\"2023-07-31T16:57:22.0672540Z\"},\"EventRecordID\":\"1703660\",\"Correlation\":\"\",\"Execution\":{\"ProcessID\":\"496\",\"ThreadID\":\"512\"},\"Channel\":\"Security\",\"Computer\":\"win7-hack.stand2008.local\",\"Security\":\"\"},\"EventData\":{\"Data\":[{\"Name\":\"SubjectUserSid\",\"text\":\"S-1-5-21-3800063338-4262557262-2801230003-500\"},{\"Name\":\"SubjectUserName\",\"text\":\"Администратор\"},{\"Name\":\"SubjectDomainName\",\"text\":\"STAND2008\"},{\"Name\":\"SubjectLogonId\",\"text\":\"0x1db745\"},{\"Name\":\"ObjectServer\",\"text\":\"SC Manager\"},{\"Name\":\"ObjectType\",\"text\":\"SERVICE OBJECT\"},{\"Name\":\"ObjectName\",\"text\":\"UI0Detect\"},{\"Name\":\"HandleId\",\"text\":\"0xfffff880039deb18\"},{\"Name\":\"AccessMask\",\"text\":\"%%1537 %%1538 %%1539 %%7184 %%7185 %%7186 %%7187 %%7188 %%7189 %%7190 %%7191 %%7192\"},{\"Name\":\"PrivilegeList\",\"text\":\"SeTakeOwnershipPrivilege\"},{\"Name\":\"ProcessId\",\"text\":\"0x1e0\"},{\"Name\":\"ProcessName\",\"text\":\"C:\\\\Windows\\\\System32\\\\services.exe\"}]}}}","recv_ipv4":"127.0.0.1","recv_time":"2023-08-01T11:53:33.023Z","task_id":"00000000-0000-0000-0000-000000000000","tag":"some_tag","mime":"application/x-pt-eventlog","normalized":false,"input_id":"00000000-0000-0000-0000-000000000000","type":"raw","uuid":"b99d681e-299b-45d3-a770-172466ab3b7a"}